<?xml version="1.0" encoding="UTF-8"?>
<!-- Generated by org.testng.reporters.JUnitReportReporter -->
<testsuite hostname="ROSHAN_PC" failures="0" tests="1" name="testcases.TC001_AccountRegistrationTest" time="1.772" errors="0" timestamp="2025-02-18T10:27:06 IST" skipped="0">
  <testcase classname="testcases.TC001_AccountRegistrationTest" name="verify_account_registration" time="1.772"/>
</testsuite> <!-- testcases.TC001_AccountRegistrationTest -->
