<?xml version="1.0" encoding="UTF-8"?>
<!-- Generated by org.testng.reporters.JUnitReportReporter -->
<testsuite hostname="ROSHAN_PC" failures="0" tests="1" name="testcases.TC002_LoginTest" time="1.074" errors="0" timestamp="2025-02-18T10:27:06 IST" skipped="0">
  <testcase classname="testcases.TC002_LoginTest" name="verifyLogin" time="1.074"/>
</testsuite> <!-- testcases.TC002_LoginTest -->
