<?xml version="1.0" encoding="UTF-8"?>
<!-- Generated by org.testng.reporters.JUnitReportReporter -->
<testsuite hostname="ROSHAN_PC" failures="0" tests="1" name="testcases.TC002_LoginTest" time="1.195" errors="0" timestamp="2025-02-17T11:43:50 IST" skipped="0">
  <testcase classname="testcases.TC002_LoginTest" name="verifyLogin" time="1.195"/>
</testsuite> <!-- testcases.TC002_LoginTest -->
